<?xml version="1.0" encoding="UTF-8"?>
<testng-results skipped="0" failed="0" ignored="0" total="1" passed="1">
  <reporter-output>
  </reporter-output>
  <suite name="Default suite" duration-ms="2706" started-at="2019-02-18T06:14:28Z" finished-at="2019-02-18T06:14:31Z">
    <groups>
    </groups>
    <test name="Default test" duration-ms="2706" started-at="2019-02-18T06:14:28Z" finished-at="2019-02-18T06:14:31Z">
      <class name="com.milkbasket.apiautomation.Getinventory">
        <test-method status="PASS" signature="test()[pri:0, instance:com.milkbasket.apiautomation.Getinventory@42d80b78]" name="test" duration-ms="2674" started-at="2019-02-18T06:14:28Z" finished-at="2019-02-18T06:14:31Z">
          <reporter-output>
          </reporter-output>
        </test-method> <!-- test -->
      </class> <!-- com.milkbasket.apiautomation.Getinventory -->
    </test> <!-- Default test -->
  </suite> <!-- Default suite -->
</testng-results>
